{"date":"2025-09-01T13:28:25.467Z","level":"info","message":"Request received","method":"POST","service":"user-service","url":"/auth/login"}
{"date":"2025-09-01T13:28:25.867Z","level":"info","message":"Request received","method":"GET","service":"user-service","url":"/auth/me"}
{"date":"2025-09-01T13:28:26.429Z","level":"info","message":"Request received","method":"GET","service":"user-service","url":"/user/admin-stats"}
{"date":"2025-09-01T13:28:32.440Z","level":"info","message":"Request received","method":"GET","service":"user-service","url":"/case/transactions?page=1&limit=10"}
{"date":"2025-09-01T13:29:52.245Z","level":"info","message":"Request received","method":"GET","service":"user-service","url":"/case/getAll?page=1&limit=10"}
{"date":"2025-09-01T13:29:54.688Z","level":"info","message":"Request received","method":"GET","service":"user-service","url":"/user?page=1&limit=10"}
{"date":"2025-09-01T13:30:04.059Z","level":"info","message":"Request received","method":"GET","service":"user-service","url":"/user?page=1&limit=10"}
{"date":"2025-09-01T13:30:04.978Z","level":"info","message":"Request received","method":"GET","service":"user-service","url":"/case/getAll?page=1&limit=10"}
{"date":"2025-09-01T13:30:06.385Z","level":"info","message":"Request received","method":"GET","service":"user-service","url":"/case/transactions?page=1&limit=10"}
{"date":"2025-09-01T13:30:07.263Z","level":"info","message":"Request received","method":"GET","service":"user-service","url":"/plan"}
{"date":"2025-09-01T13:30:08.670Z","level":"info","message":"Request received","method":"GET","service":"user-service","url":"/plan"}
{"date":"2025-09-01T13:30:30.473Z","level":"info","message":"Request received","method":"GET","service":"user-service","url":"/plan"}
{"date":"2025-09-01T13:30:31.467Z","level":"info","message":"Request received","method":"GET","service":"user-service","url":"/case/getAll?page=1&limit=10"}
{"date":"2025-09-01T13:31:28.518Z","level":"info","message":"Request received","method":"GET","service":"user-service","url":"/user/admin-stats"}
{"date":"2025-09-01T13:31:36.505Z","level":"info","message":"Request received","method":"GET","service":"user-service","url":"/user/admin-stats"}
{"date":"2025-09-01T13:32:00.026Z","level":"info","message":"Request received","method":"GET","service":"user-service","url":"/user/admin-stats"}
{"date":"2025-09-01T13:32:06.120Z","level":"info","message":"Request received","method":"GET","service":"user-service","url":"/case/transactions?page=1&limit=10"}
{"date":"2025-09-01T13:33:40.465Z","level":"info","message":"Request received","method":"GET","service":"user-service","url":"/user/admin-stats"}
{"date":"2025-09-01T13:33:42.771Z","level":"info","message":"Request received","method":"GET","service":"user-service","url":"/auth/me"}
{"date":"2025-09-01T13:33:43.315Z","level":"info","message":"Request received","method":"GET","service":"user-service","url":"/user/admin-stats"}
{"date":"2025-09-01T13:33:44.116Z","level":"info","message":"Request received","method":"GET","service":"user-service","url":"/auth/me"}
{"date":"2025-09-01T13:33:45.668Z","level":"info","message":"Request received","method":"GET","service":"user-service","url":"/user/admin-stats"}
{"date":"2025-09-01T13:33:50.848Z","level":"info","message":"Request received","method":"GET","service":"user-service","url":"/case/transactions?page=1&limit=10"}
{"date":"2025-09-01T13:34:08.928Z","level":"info","message":"Request received","method":"GET","service":"user-service","url":"/user?page=1&limit=10"}
{"date":"2025-09-01T13:34:12.225Z","level":"info","message":"Request received","method":"GET","service":"user-service","url":"/case/getAll?page=1&limit=10"}
{"date":"2025-09-01T13:34:22.187Z","level":"info","message":"Request received","method":"GET","service":"user-service","url":"/case/transactions?page=1&limit=10"}
{"date":"2025-09-01T13:34:23.014Z","level":"info","message":"Request received","method":"GET","service":"user-service","url":"/case/getAll?page=1&limit=10"}
{"date":"2025-09-01T13:35:05.481Z","level":"info","message":"Request received","method":"GET","service":"user-service","url":"/case/transactions?page=1&limit=10"}
{"date":"2025-09-01T13:35:07.758Z","level":"info","message":"Request received","method":"GET","service":"user-service","url":"/plan"}
{"date":"2025-09-01T13:35:58.307Z","level":"info","message":"Request received","method":"GET","service":"user-service","url":"/user?page=1&limit=10"}
{"date":"2025-09-01T13:37:46.576Z","level":"info","message":"Request received","method":"GET","service":"user-service","url":"/user?page=1&limit=10"}
{"date":"2025-09-01T13:37:47.168Z","level":"info","message":"Request received","method":"GET","service":"user-service","url":"/case/getAll?page=1&limit=10"}
{"date":"2025-09-01T13:37:48.447Z","level":"info","message":"Request received","method":"GET","service":"user-service","url":"/case/transactions?page=1&limit=10"}
{"date":"2025-09-01T13:37:52.813Z","level":"info","message":"Request received","method":"GET","service":"user-service","url":"/case/transactions?page=1&limit=10"}
{"date":"2025-09-01T13:37:53.464Z","level":"info","message":"Request received","method":"GET","service":"user-service","url":"/user?page=1&limit=10"}
{"date":"2025-09-01T13:38:01.783Z","level":"info","message":"Request received","method":"GET","service":"user-service","url":"/user/admin-stats"}
{"date":"2025-09-01T13:38:24.515Z","level":"info","message":"Request received","method":"GET","service":"user-service","url":"/user/admin-stats"}
{"date":"2025-09-01T13:39:05.178Z","level":"info","message":"Request received","method":"GET","service":"user-service","url":"/auth/me"}
{"date":"2025-09-01T13:39:05.755Z","level":"info","message":"Request received","method":"GET","service":"user-service","url":"/user/admin-stats"}
{"date":"2025-09-01T13:39:23.504Z","level":"info","message":"Request received","method":"GET","service":"user-service","url":"/auth/me"}
{"date":"2025-09-01T13:39:24.052Z","level":"info","message":"Request received","method":"GET","service":"user-service","url":"/user/admin-stats"}
{"date":"2025-09-01T13:39:29.505Z","level":"info","message":"Request received","method":"GET","service":"user-service","url":"/user/admin-stats"}
{"date":"2025-09-01T13:39:42.509Z","level":"info","message":"Request received","method":"GET","service":"user-service","url":"/user/admin-stats"}
{"date":"2025-09-01T13:39:59.510Z","level":"info","message":"Request received","method":"GET","service":"user-service","url":"/user/admin-stats"}
{"date":"2025-09-01T13:39:59.518Z","level":"info","message":"Request received","method":"GET","service":"user-service","url":"/auth/me"}
{"date":"2025-09-01T13:40:01.622Z","level":"info","message":"Request received","method":"GET","service":"user-service","url":"/user/admin-stats"}
{"date":"2025-09-01T13:40:06.503Z","level":"info","message":"Request received","method":"GET","service":"user-service","url":"/user/admin-stats"}
{"date":"2025-09-01T13:40:06.505Z","level":"info","message":"Request received","method":"GET","service":"user-service","url":"/auth/me"}
{"date":"2025-09-01T13:40:08.613Z","level":"info","message":"Request received","method":"GET","service":"user-service","url":"/user/admin-stats"}
{"date":"2025-09-01T13:40:17.499Z","level":"info","message":"Request received","method":"GET","service":"user-service","url":"/user/admin-stats"}
{"date":"2025-09-01T13:40:57.502Z","level":"info","message":"Request received","method":"GET","service":"user-service","url":"/user/admin-stats"}
{"date":"2025-09-01T13:40:57.503Z","level":"info","message":"Request received","method":"GET","service":"user-service","url":"/auth/me"}
{"date":"2025-09-01T13:40:59.610Z","level":"info","message":"Request received","method":"GET","service":"user-service","url":"/user/admin-stats"}
{"date":"2025-09-01T13:41:27.516Z","level":"info","message":"Request received","method":"GET","service":"user-service","url":"/user/admin-stats"}
{"date":"2025-09-01T13:42:42.781Z","level":"info","message":"Request received","method":"GET","service":"user-service","url":"/user?page=1&limit=10"}
{"date":"2025-09-01T14:15:46.105Z","level":"info","message":"Request received","method":"POST","service":"user-service","url":"/auth/login"}
{"date":"2025-09-01T14:15:46.493Z","level":"info","message":"Request received","method":"GET","service":"user-service","url":"/auth/me"}
{"date":"2025-09-01T14:15:47.042Z","level":"info","message":"Request received","method":"GET","service":"user-service","url":"/case/getMine?page=1&limit=10"}
{"date":"2025-09-01T14:16:00.384Z","level":"info","message":"Request received","method":"GET","service":"user-service","url":"/case/getMine?page=1&limit=10"}
{"date":"2025-09-01T14:16:01.786Z","level":"info","message":"Request received","method":"GET","service":"user-service","url":"/plan"}
{"date":"2025-09-01T14:16:05.533Z","level":"info","message":"Request received","method":"GET","service":"user-service","url":"/case/getMine?page=1&limit=10"}
