{"date":"2025-08-28T08:54:25.533Z","level":"error","message":"User validation failed: name: Path `name` is required.","method":"POST","service":"user-service","url":"/register"}
{"date":"2025-08-28T10:55:29.816Z","level":"error","message":"Invalid credentials","method":"POST","service":"user-service","url":"/login"}
{"date":"2025-08-28T10:59:50.454Z","level":"error","message":"mongoose is not defined","method":"GET","service":"user-service","url":"/getMine"}
{"date":"2025-08-28T12:58:19.723Z","level":"error","message":"AiAnalysis validation failed: analysis: Cast to string failed for value \"{\n  flows: {\n    claim_processing: {\n      current_claim: 'abcd',\n      prev_claim_details: [Object],\n      payer: 'payer'\n    },\n    denial_analysis: {\n      denial_text: 'denial text',\n      encounter_text: 'encounter text',\n      screenshots: [Object]\n    }\n  },\n  improvements: {\n    data_management: { suggestions: [Array] },\n    claim_resolution: { suggestions: [Array] }\n  }\n}\" (type Object) at path \"analysis\"","method":"POST","service":"user-service","url":"/"}
{"date":"2025-08-28T13:28:31.196Z","level":"error","message":"Cast to ObjectId failed for value \"getAll\" (type string) at path \"_id\" for model \"AiAnalysis\"","method":"GET","service":"user-service","url":"/getAll"}
{"date":"2025-08-28T13:37:13.917Z","level":"error","message":"Cast to ObjectId failed for value \"getAll\" (type string) at path \"_id\" for model \"AiAnalysis\"","method":"GET","service":"user-service","url":"/getAll"}
{"date":"2025-08-28T13:41:56.195Z","level":"error","message":"cases is not defined","method":"GET","service":"user-service","url":"/getAll"}
{"date":"2025-08-28T13:42:53.449Z","level":"error","message":"cases is not defined","method":"GET","service":"user-service","url":"/getAll"}
{"date":"2025-08-28T13:43:28.923Z","level":"error","message":"cases is not defined","method":"GET","service":"user-service","url":"/getAll"}
{"date":"2025-08-28T13:44:51.984Z","level":"error","message":"cases is not defined","method":"GET","service":"user-service","url":"/getAll"}
{"date":"2025-08-28T13:44:57.824Z","level":"error","message":"Cast to ObjectId failed for value \"getMine\" (type string) at path \"_id\" for model \"AiAnalysis\"","method":"GET","service":"user-service","url":"/getMine"}
{"date":"2025-08-28T13:45:22.704Z","level":"error","message":"mongoose is not defined","method":"GET","service":"user-service","url":"/getMine"}
{"date":"2025-08-28T13:45:51.199Z","level":"error","message":"cases is not defined","method":"GET","service":"user-service","url":"/getMine"}
{"date":"2025-08-28T13:47:20.186Z","level":"error","message":"cases is not defined","method":"GET","service":"user-service","url":"/getMine"}
{"date":"2025-08-28T14:47:30.280Z","level":"error","message":"cases is not defined","method":"GET","service":"user-service","url":"/getMine"}
{"date":"2025-08-28T14:49:36.445Z","level":"error","message":"cases is not defined","method":"GET","service":"user-service","url":"/getMine"}
{"date":"2025-08-28T14:49:39.965Z","level":"error","message":"cases is not defined","method":"GET","service":"user-service","url":"/getMine"}
{"date":"2025-08-29T18:31:32.760Z","level":"error","message":"Invalid string: {:description=>\"\", :type=>\"service\", :id=>\"prod_S6Yo66EN9ldMiG\", :object=>\"product\", :url=>\"\", :tax_code=>\"\", :shippable=>\"\", :name=>\"Basic\", :active=>\"false\", :livemode=>\"false\", :statement_descriptor=>\"\", :package_dimensions=>\"\", :updated=>\"1756471684\", :default_price=>\"price_1RCLh5HBs9dqOieUweJNIA5e\", :created=>\"1744293783\", :unit_label=>\"\"}","method":"POST","service":"user-service","url":"/"}
{"date":"2025-08-29T18:31:36.205Z","level":"error","message":"Invalid string: {:description=>\"\", :type=>\"service\", :id=>\"prod_S6Yo66EN9ldMiG\", :object=>\"product\", :url=>\"\", :tax_code=>\"\", :shippable=>\"\", :name=>\"Basic\", :active=>\"false\", :livemode=>\"false\", :statement_descriptor=>\"\", :package_dimensions=>\"\", :updated=>\"1756471684\", :default_price=>\"price_1RCLh5HBs9dqOieUweJNIA5e\", :created=>\"1744293783\", :unit_label=>\"\"}","method":"POST","service":"user-service","url":"/"}
{"date":"2025-08-29T18:36:54.246Z","level":"error","message":"User is not defined","method":"POST","service":"user-service","url":"/"}
{"date":"2025-08-29T18:37:05.384Z","level":"error","message":"User is not defined","method":"POST","service":"user-service","url":"/"}
{"date":"2025-08-29T18:57:34.809Z","level":"error","message":"Price `price_1RCLhZHBs9dqOieUk5TI7TMa` is not available to be purchased because its product is not active.","method":"POST","service":"user-service","url":"/"}
{"date":"2025-08-29T20:15:18.296Z","level":"error","message":"Operation `users.findOne()` buffering timed out after 10000ms","method":"POST","service":"user-service","url":"/login"}
